0 info it worked if it ends with ok
1 verbose cli [ '/usr/bin/nodejs', '/usr/bin/npm', 'install', 'photoswipe' ]
2 info using npm@3.10.3
3 info using node@v6.7.0
4 silly loadCurrentTree Starting
5 silly install loadCurrentTree
6 silly install readLocalPackageData
7 silly fetchPackageMetaData photoswipe
8 silly fetchNamedPackageData photoswipe
9 silly mapToRegistry name photoswipe
10 silly mapToRegistry using default registry
11 silly mapToRegistry registry https://registry.npmjs.org/
12 silly mapToRegistry data Result {
12 silly mapToRegistry   raw: 'photoswipe',
12 silly mapToRegistry   scope: null,
12 silly mapToRegistry   escapedName: 'photoswipe',
12 silly mapToRegistry   name: 'photoswipe',
12 silly mapToRegistry   rawSpec: '',
12 silly mapToRegistry   spec: 'latest',
12 silly mapToRegistry   type: 'tag' }
13 silly mapToRegistry uri https://registry.npmjs.org/photoswipe
14 verbose request uri https://registry.npmjs.org/photoswipe
15 verbose request no auth needed
16 info attempt registry request try #1 at 1:00:51 PM
17 verbose request id d7a5001dd43e00bf
18 http request GET https://registry.npmjs.org/photoswipe
19 http 200 https://registry.npmjs.org/photoswipe
20 verbose headers { server: 'nginx/1.10.1',
20 verbose headers   'content-type': 'application/json',
20 verbose headers   'last-modified': 'Sun, 30 Oct 2016 08:31:33 GMT',
20 verbose headers   etag: 'W/"5815afe5-4a71"',
20 verbose headers   'content-encoding': 'gzip',
20 verbose headers   'cache-control': 'max-age=300',
20 verbose headers   'content-length': '3740',
20 verbose headers   'accept-ranges': 'bytes',
20 verbose headers   date: 'Mon, 21 Nov 2016 12:00:51 GMT',
20 verbose headers   via: '1.1 varnish',
20 verbose headers   age: '0',
20 verbose headers   connection: 'keep-alive',
20 verbose headers   'x-served-by': 'cache-cdg8735-CDG',
20 verbose headers   'x-cache': 'MISS',
20 verbose headers   'x-cache-hits': '0',
20 verbose headers   'x-timer': 'S1479729651.557622,VS0,VE20',
20 verbose headers   vary: 'Accept-Encoding' }
21 silly get cb [ 200,
21 silly get   { server: 'nginx/1.10.1',
21 silly get     'content-type': 'application/json',
21 silly get     'last-modified': 'Sun, 30 Oct 2016 08:31:33 GMT',
21 silly get     etag: 'W/"5815afe5-4a71"',
21 silly get     'content-encoding': 'gzip',
21 silly get     'cache-control': 'max-age=300',
21 silly get     'content-length': '3740',
21 silly get     'accept-ranges': 'bytes',
21 silly get     date: 'Mon, 21 Nov 2016 12:00:51 GMT',
21 silly get     via: '1.1 varnish',
21 silly get     age: '0',
21 silly get     connection: 'keep-alive',
21 silly get     'x-served-by': 'cache-cdg8735-CDG',
21 silly get     'x-cache': 'MISS',
21 silly get     'x-cache-hits': '0',
21 silly get     'x-timer': 'S1479729651.557622,VS0,VE20',
21 silly get     vary: 'Accept-Encoding' } ]
22 verbose get saving photoswipe to /home/steeve/.npm/registry.npmjs.org/photoswipe/.cache.json
23 verbose correctMkdir /home/steeve/.npm correctMkdir not in flight; initializing
24 silly install normalizeTree
25 silly loadCurrentTree Finishing
26 silly loadIdealTree Starting
27 silly install loadIdealTree
28 silly cloneCurrentTree Starting
29 silly install cloneCurrentTreeToIdealTree
30 silly cloneCurrentTree Finishing
31 silly loadShrinkwrap Starting
32 silly install loadShrinkwrap
33 silly loadShrinkwrap Finishing
34 silly loadAllDepsIntoIdealTree Starting
35 silly install loadAllDepsIntoIdealTree
36 silly resolveWithNewModule photoswipe@4.1.1 checking installable status
37 silly cache add args [ 'photoswipe', null ]
38 verbose cache add spec photoswipe
39 silly cache add parsed spec Result {
39 silly cache add   raw: 'photoswipe',
39 silly cache add   scope: null,
39 silly cache add   escapedName: 'photoswipe',
39 silly cache add   name: 'photoswipe',
39 silly cache add   rawSpec: '',
39 silly cache add   spec: 'latest',
39 silly cache add   type: 'tag' }
40 silly addNamed photoswipe@latest
41 verbose addNamed "latest" is being treated as a dist-tag for photoswipe
42 info addNameTag [ 'photoswipe', 'latest' ]
43 silly mapToRegistry name photoswipe
44 silly mapToRegistry using default registry
45 silly mapToRegistry registry https://registry.npmjs.org/
46 silly mapToRegistry data Result {
46 silly mapToRegistry   raw: 'photoswipe',
46 silly mapToRegistry   scope: null,
46 silly mapToRegistry   escapedName: 'photoswipe',
46 silly mapToRegistry   name: 'photoswipe',
46 silly mapToRegistry   rawSpec: '',
46 silly mapToRegistry   spec: 'latest',
46 silly mapToRegistry   type: 'tag' }
47 silly mapToRegistry uri https://registry.npmjs.org/photoswipe
48 verbose addNameTag registry:https://registry.npmjs.org/photoswipe not in flight; fetching
49 verbose get https://registry.npmjs.org/photoswipe not expired, no request
50 silly addNameTag next cb for photoswipe with tag latest
51 silly addNamed photoswipe@4.1.1
52 verbose addNamed "4.1.1" is a plain semver version for photoswipe
53 silly mapToRegistry name photoswipe
54 silly mapToRegistry using default registry
55 silly mapToRegistry registry https://registry.npmjs.org/
56 silly mapToRegistry data Result {
56 silly mapToRegistry   raw: 'photoswipe',
56 silly mapToRegistry   scope: null,
56 silly mapToRegistry   escapedName: 'photoswipe',
56 silly mapToRegistry   name: 'photoswipe',
56 silly mapToRegistry   rawSpec: '',
56 silly mapToRegistry   spec: 'latest',
56 silly mapToRegistry   type: 'tag' }
57 silly mapToRegistry uri https://registry.npmjs.org/photoswipe
58 verbose addRemoteTarball https://registry.npmjs.org/photoswipe/-/photoswipe-4.1.1.tgz not in flight; adding
59 verbose addRemoteTarball [ 'https://registry.npmjs.org/photoswipe/-/photoswipe-4.1.1.tgz',
59 verbose addRemoteTarball   '41b756a2387e220c286598945503014bf622bba9' ]
60 info retry fetch attempt 1 at 1:00:51 PM
61 info attempt registry request try #1 at 1:00:51 PM
62 http fetch GET https://registry.npmjs.org/photoswipe/-/photoswipe-4.1.1.tgz
63 http fetch 200 https://registry.npmjs.org/photoswipe/-/photoswipe-4.1.1.tgz
64 silly fetchAndShaCheck shasum 41b756a2387e220c286598945503014bf622bba9
65 verbose addTmpTarball /tmp/npm-7503-2f9b379a/registry.npmjs.org/photoswipe/-/photoswipe-4.1.1.tgz not in flight; adding
66 verbose addTmpTarball already have metadata; skipping unpack for photoswipe@4.1.1
67 verbose correctMkdir /home/steeve/.npm correctMkdir not in flight; initializing
68 silly cache afterAdd photoswipe@4.1.1
69 verbose afterAdd /home/steeve/.npm/photoswipe/4.1.1/package/package.json not in flight; writing
70 verbose correctMkdir /home/steeve/.npm correctMkdir not in flight; initializing
71 verbose afterAdd /home/steeve/.npm/photoswipe/4.1.1/package/package.json written
72 silly loadAllDepsIntoIdealTree Finishing
73 silly loadIdealTree Finishing
74 silly currentTree Documents
74 silly currentTree ├── buffer-shims@1.0.0
74 silly currentTree ├── commander@2.9.0
74 silly currentTree ├── core-util-is@1.0.2
74 silly currentTree ├── debug@2.2.0
74 silly currentTree ├── graceful-readlink@1.0.1
74 silly currentTree ├── inherits@2.0.3
74 silly currentTree ├── isarray@1.0.0
74 silly currentTree ├── ms@0.7.1
74 silly currentTree ├── process-nextick-args@1.0.7
74 silly currentTree ├── readable-stream@2.1.5
74 silly currentTree ├── stream-parser@0.3.1
74 silly currentTree ├── string_decoder@0.10.31
74 silly currentTree ├── throttle@1.0.3
74 silly currentTree ├── util-deprecate@1.0.2
74 silly currentTree └── vid-streamer@1.0.0
75 silly idealTree Documents
75 silly idealTree ├── buffer-shims@1.0.0
75 silly idealTree ├── commander@2.9.0
75 silly idealTree ├── core-util-is@1.0.2
75 silly idealTree ├── debug@2.2.0
75 silly idealTree ├── graceful-readlink@1.0.1
75 silly idealTree ├── inherits@2.0.3
75 silly idealTree ├── isarray@1.0.0
75 silly idealTree ├── ms@0.7.1
75 silly idealTree ├── photoswipe@4.1.1
75 silly idealTree ├── process-nextick-args@1.0.7
75 silly idealTree ├── readable-stream@2.1.5
75 silly idealTree ├── stream-parser@0.3.1
75 silly idealTree ├── string_decoder@0.10.31
75 silly idealTree ├── throttle@1.0.3
75 silly idealTree ├── util-deprecate@1.0.2
75 silly idealTree └── vid-streamer@1.0.0
76 silly generateActionsToTake Starting
77 silly install generateActionsToTake
78 warn checkPermissions Missing write access to /home/steeve/Documents/node_modules
79 silly rollbackFailedOptional Starting
80 silly rollbackFailedOptional Finishing
81 silly runTopLevelLifecycles Starting
82 silly runTopLevelLifecycles Finishing
83 silly install printInstalled
84 warn enoent ENOENT: no such file or directory, open '/home/steeve/Documents/package.json'
85 warn Documents No description
86 warn Documents No repository field.
87 warn Documents No README data
88 warn Documents No license field.
89 verbose stack Error: EACCES: permission denied, access '/home/steeve/Documents/node_modules'
89 verbose stack     at Error (native)
90 verbose cwd /home/steeve/Documents/DUT/birdland-ProjetWeb
91 error Linux 4.4.0-47-generic
92 error argv "/usr/bin/nodejs" "/usr/bin/npm" "install" "photoswipe"
93 error node v6.7.0
94 error npm  v3.10.3
95 error path /home/steeve/Documents/node_modules
96 error code EACCES
97 error errno -13
98 error syscall access
99 error Error: EACCES: permission denied, access '/home/steeve/Documents/node_modules'
99 error     at Error (native)
99 error  { Error: EACCES: permission denied, access '/home/steeve/Documents/node_modules'
99 error     at Error (native)
99 error   errno: -13,
99 error   code: 'EACCES',
99 error   syscall: 'access',
99 error   path: '/home/steeve/Documents/node_modules' }
100 error Please try running this command again as root/Administrator.
101 verbose exit [ -13, true ]
